# JRE version: Java(TM) SE Runtime Environment (7.0_71-b14) (build 1.7.0_71-b14)
# Java VM: Java HotSpot(TM) 64-Bit Server VM (24.71-b01 mixed mode windows-amd64 compressed oops)
Heap
 PSYoungGen      total 163328K, used 95235K [0x00000000f5500000, 0x0000000100000000, 0x0000000100000000)
  eden space 152064K, 55% used [0x00000000f5500000,0x00000000fa701c40,0x00000000fe980000)
  from space 11264K, 99% used [0x00000000fe980000,0x00000000ff47f100,0x00000000ff480000)
  to   space 11776K, 0% used [0x00000000ff480000,0x00000000ff480000,0x0000000100000000)
 ParOldGen       total 85504K, used 21650K [0x00000000e0000000, 0x00000000e5380000, 0x00000000f5500000)
  object space 85504K, 25% used [0x00000000e0000000,0x00000000e1524978,0x00000000e5380000)
 PSPermGen       total 37888K, used 37509K [0x00000000d0000000, 0x00000000d2500000, 0x00000000e0000000)
  object space 37888K, 99% used [0x00000000d0000000,0x00000000d24a1768,0x00000000d2500000)
GC Heap History (10 events):
Event: 2.764 GC heap before
{Heap before GC invocations=3 (full 0):
 PSYoungGen      total 70656K, used 70633K [0x00000000f5500000, 0x00000000f9f00000, 0x0000000100000000)
  eden space 65536K, 100% used [0x00000000f5500000,0x00000000f9500000,0x00000000f9500000)
  from space 5120K, 99% used [0x00000000f9a00000,0x00000000f9efa630,0x00000000f9f00000)
  to   space 5120K, 0% used [0x00000000f9500000,0x00000000f9500000,0x00000000f9a00000)
 ParOldGen       total 85504K, used 2359K [0x00000000e0000000, 0x00000000e5380000, 0x00000000f5500000)
  object space 85504K, 2% used [0x00000000e0000000,0x00000000e024dc78,0x00000000e5380000)
 PSPermGen       total 21504K, used 20484K [0x00000000d0000000, 0x00000000d1500000, 0x00000000e0000000)
  object space 21504K, 95% used [0x00000000d0000000,0x00000000d1401340,0x00000000d1500000)
Event: 2.774 GC heap after
Heap after GC invocations=3 (full 0):
 PSYoungGen      total 70656K, used 5108K [0x00000000f5500000, 0x00000000fdf00000, 0x0000000100000000)
  eden space 65536K, 0% used [0x00000000f5500000,0x00000000f5500000,0x00000000f9500000)
  from space 5120K, 99% used [0x00000000f9500000,0x00000000f99fd110,0x00000000f9a00000)
  to   space 5120K, 0% used [0x00000000fda00000,0x00000000fda00000,0x00000000fdf00000)
 ParOldGen       total 85504K, used 7781K [0x00000000e0000000, 0x00000000e5380000, 0x00000000f5500000)
  object space 85504K, 9% used [0x00000000e0000000,0x00000000e0799518,0x00000000e5380000)
 PSPermGen       total 21504K, used 20484K [0x00000000d0000000, 0x00000000d1500000, 0x00000000e0000000)
  object space 21504K, 95% used [0x00000000d0000000,0x00000000d1401340,0x00000000d1500000)
}
Event: 2.973 GC heap before
{Heap before GC invocations=4 (full 0):
 PSYoungGen      total 70656K, used 70644K [0x00000000f5500000, 0x00000000fdf00000, 0x0000000100000000)
  eden space 65536K, 100% used [0x00000000f5500000,0x00000000f9500000,0x00000000f9500000)
  from space 5120K, 99% used [0x00000000f9500000,0x00000000f99fd110,0x00000000f9a00000)
  to   space 5120K, 0% used [0x00000000fda00000,0x00000000fda00000,0x00000000fdf00000)
 ParOldGen       total 85504K, used 7781K [0x00000000e0000000, 0x00000000e5380000, 0x00000000f5500000)
  object space 85504K, 9% used [0x00000000e0000000,0x00000000e0799518,0x00000000e5380000)
 PSPermGen       total 21504K, used 20493K [0x00000000d0000000, 0x00000000d1500000, 0x00000000e0000000)
  object space 21504K, 95% used [0x00000000d0000000,0x00000000d14035b8,0x00000000d1500000)
Event: 2.987 GC heap after
Heap after GC invocations=4 (full 0):
 PSYoungGen      total 136192K, used 5112K [0x00000000f5500000, 0x00000000fdf00000, 0x0000000100000000)
  eden space 131072K, 0% used [0x00000000f5500000,0x00000000f5500000,0x00000000fd500000)
  from space 5120K, 99% used [0x00000000fda00000,0x00000000fdefe0d0,0x00000000fdf00000)
  to   space 5120K, 0% used [0x00000000fd500000,0x00000000fd500000,0x00000000fda00000)
 ParOldGen       total 85504K, used 8052K [0x00000000e0000000, 0x00000000e5380000, 0x00000000f5500000)
  object space 85504K, 9% used [0x00000000e0000000,0x00000000e07dd0f8,0x00000000e5380000)
 PSPermGen       total 21504K, used 20493K [0x00000000d0000000, 0x00000000d1500000, 0x00000000e0000000)
  object space 21504K, 95% used [0x00000000d0000000,0x00000000d14035b8,0x00000000d1500000)
}
Event: 3.669 GC heap before
{Heap before GC invocations=5 (full 0):
 PSYoungGen      total 136192K, used 136184K [0x00000000f5500000, 0x00000000fdf00000, 0x0000000100000000)
  eden space 131072K, 100% used [0x00000000f5500000,0x00000000fd500000,0x00000000fd500000)
  from space 5120K, 99% used [0x00000000fda00000,0x00000000fdefe0d0,0x00000000fdf00000)
  to   space 5120K, 0% used [0x00000000fd500000,0x00000000fd500000,0x00000000fda00000)
 ParOldGen       total 85504K, used 8052K [0x00000000e0000000, 0x00000000e5380000, 0x00000000f5500000)
  object space 85504K, 9% used [0x00000000e0000000,0x00000000e07dd0f8,0x00000000e5380000)
 PSPermGen       total 22528K, used 22459K [0x00000000d0000000, 0x00000000d1600000, 0x00000000e0000000)
  object space 22528K, 99% used [0x00000000d0000000,0x00000000d15eed20,0x00000000d1600000)
Event: 3.686 GC heap after
Heap after GC invocations=5 (full 0):
 PSYoungGen      total 136192K, used 5092K [0x00000000f5500000, 0x0000000100000000, 0x0000000100000000)
  eden space 131072K, 0% used [0x00000000f5500000,0x00000000f5500000,0x00000000fd500000)
  from space 5120K, 99% used [0x00000000fd500000,0x00000000fd9f90e0,0x00000000fda00000)
  to   space 11776K, 0% used [0x00000000ff480000,0x00000000ff480000,0x0000000100000000)
 ParOldGen       total 85504K, used 11178K [0x00000000e0000000, 0x00000000e5380000, 0x00000000f5500000)
  object space 85504K, 13% used [0x00000000e0000000,0x00000000e0aea8e8,0x00000000e5380000)
 PSPermGen       total 22528K, used 22459K [0x00000000d0000000, 0x00000000d1600000, 0x00000000e0000000)
  object space 22528K, 99% used [0x00000000d0000000,0x00000000d15eed20,0x00000000d1600000)
}
Event: 4.099 GC heap before
{Heap before GC invocations=6 (full 0):
 PSYoungGen      total 136192K, used 136164K [0x00000000f5500000, 0x0000000100000000, 0x0000000100000000)
  eden space 131072K, 100% used [0x00000000f5500000,0x00000000fd500000,0x00000000fd500000)
  from space 5120K, 99% used [0x00000000fd500000,0x00000000fd9f90e0,0x00000000fda00000)
  to   space 11776K, 0% used [0x00000000ff480000,0x00000000ff480000,0x0000000100000000)
 ParOldGen       total 85504K, used 11178K [0x00000000e0000000, 0x00000000e5380000, 0x00000000f5500000)
  object space 85504K, 13% used [0x00000000e0000000,0x00000000e0aea8e8,0x00000000e5380000)
 PSPermGen       total 22528K, used 22481K [0x00000000d0000000, 0x00000000d1600000, 0x00000000e0000000)
  object space 22528K, 99% used [0x00000000d0000000,0x00000000d15f4738,0x00000000d1600000)
Event: 4.118 GC heap after
Heap after GC invocations=6 (full 0):
 PSYoungGen      total 163840K, used 5768K [0x00000000f5500000, 0x0000000100000000, 0x0000000100000000)
  eden space 152064K, 0% used [0x00000000f5500000,0x00000000f5500000,0x00000000fe980000)
  from space 11776K, 48% used [0x00000000ff480000,0x00000000ffa220f0,0x0000000100000000)
  to   space 11264K, 0% used [0x00000000fe980000,0x00000000fe980000,0x00000000ff480000)
 ParOldGen       total 85504K, used 11178K [0x00000000e0000000, 0x00000000e5380000, 0x00000000f5500000)
  object space 85504K, 13% used [0x00000000e0000000,0x00000000e0aea8e8,0x00000000e5380000)
 PSPermGen       total 22528K, used 22481K [0x00000000d0000000, 0x00000000d1600000, 0x00000000e0000000)
  object space 22528K, 99% used [0x00000000d0000000,0x00000000d15f4738,0x00000000d1600000)
}
Event: 6.001 GC heap before
{Heap before GC invocations=7 (full 0):
 PSYoungGen      total 163840K, used 157832K [0x00000000f5500000, 0x0000000100000000, 0x0000000100000000)
  eden space 152064K, 100% used [0x00000000f5500000,0x00000000fe980000,0x00000000fe980000)
  from space 11776K, 48% used [0x00000000ff480000,0x00000000ffa220f0,0x0000000100000000)
  to   space 11264K, 0% used [0x00000000fe980000,0x00000000fe980000,0x00000000ff480000)
 ParOldGen       total 85504K, used 11178K [0x00000000e0000000, 0x00000000e5380000, 0x00000000f5500000)
  object space 85504K, 13% used [0x00000000e0000000,0x00000000e0aea8e8,0x00000000e5380000)
 PSPermGen       total 32256K, used 31777K [0x00000000d0000000, 0x00000000d1f80000, 0x00000000e0000000)
  object space 32256K, 98% used [0x00000000d0000000,0x00000000d1f08678,0x00000000d1f80000)
Event: 6.048 GC heap after
Heap after GC invocations=7 (full 0):
 PSYoungGen      total 163328K, used 11260K [0x00000000f5500000, 0x0000000100000000, 0x0000000100000000)
  eden space 152064K, 0% used [0x00000000f5500000,0x00000000f5500000,0x00000000fe980000)
  from space 11264K, 99% used [0x00000000fe980000,0x00000000ff47f100,0x00000000ff480000)
  to   space 11776K, 0% used [0x00000000ff480000,0x00000000ff480000,0x0000000100000000)
 ParOldGen       total 85504K, used 21650K [0x00000000e0000000, 0x00000000e5380000, 0x00000000f5500000)
  object space 85504K, 25% used [0x00000000e0000000,0x00000000e1524978,0x00000000e5380000)
 PSPermGen       total 32256K, used 31777K [0x00000000d0000000, 0x00000000d1f80000, 0x00000000e0000000)
  object space 32256K, 98% used [0x00000000d0000000,0x00000000d1f08678,0x00000000d1f80000)
}

